<?xml version="1.0" encoding="UTF-8"?>
<testsuite name="AddressBookTestClass" tests="1" skipped="0" failures="0" errors="0" timestamp="2020-05-04T03:54:19" hostname="DESKTOP-7UGSU5P" time="0.396">
  <properties/>
  <testcase name="givenNewFileName_ShouldReturnFileInfo" classname="AddressBookTestClass" time="0.396"/>
  <system-out><![CDATA[]]></system-out>
  <system-err><![CDATA[]]></system-err>
</testsuite>
