<?xml version="1.0" encoding="UTF-8"?>
<testsuite name="AddressBookTestClass" tests="1" skipped="0" failures="0" errors="0" timestamp="2020-05-02T01:28:34" hostname="DESKTOP-7UGSU5P" time="0.318">
  <properties/>
  <testcase name="givenFileName_ShouldReturnAllData" classname="AddressBookTestClass" time="0.318"/>
  <system-out><![CDATA[vaibhav hake
bharat hake
]]></system-out>
  <system-err><![CDATA[]]></system-err>
</testsuite>
